<?xml version="1.0" encoding="UTF-8"?>
<!-- Generated by org.testng.reporters.JUnitReportReporter -->
<testsuite hostname="DESKTOP-GOVBDHB" failures="0" tests="1" name="testng.demo" time="0.024" errors="0" timestamp="2021-09-07T10:05:10 IST" skipped="0">
  <testcase classname="testng.demo" name="run" time="0.024"/>
  <system-out>
    <![CDATA[Report
Both Report + Console]]>
  </system-out>
</testsuite> <!-- testng.demo -->
