<?xml version="1.0" encoding="UTF-8"?>
<!-- Generated by org.testng.reporters.JUnitReportReporter -->
<testsuite hostname="DESKTOP-GOVBDHB" failures="0" tests="3" name="testngpom.Remo" time="0.020" errors="0" timestamp="2021-09-07T20:50:37 IST" skipped="0">
  <testcase classname="testngpom.Remo" name="gun" time="0.003"/>
  <system-out>
    <![CDATA[gun succesfully]]>
  </system-out>
  <testcase classname="testngpom.Remo" name="run" time="0.002"/>
  <system-out>
    <![CDATA[run succesfully]]>
  </system-out>
  <testcase classname="testngpom.Remo" name="bun" time="0.015"/>
  <system-out>
    <![CDATA[bun succesfully]]>
  </system-out>
</testsuite> <!-- testngpom.Remo -->
